GPRStrack/hellocharts-library/build/intermediates/manifest_merge_blame_file/debug/manifest-merger-blame-debug-report.txt
1<?xml version="1.0" encoding="utf-8"?>
2<manifest xmlns:android="http://schemas.android.com/apk/res/android"
3    package="lecho.lib.hellocharts"
4    android:versionCode="13"
5    android:versionName="1.5.8" >
6
7    <uses-sdk
7-->GPRStrack\hellocharts-library\AndroidManifest.xml:7:5-9:41
8        android:minSdkVersion="13"
8-->GPRStrack\hellocharts-library\AndroidManifest.xml:8:9-35
9        android:targetSdkVersion="32" />
9-->GPRStrack\hellocharts-library\AndroidManifest.xml:9:9-38
10
11</manifest>